{
  "uid" : "efbef274806ceb74",
  "name" : "test_max_array_sum[input_array2-15]",
  "fullName" : "src.test.java.interview.dynamic_programming.MaxArraySum.test_max_array_sum#test_max_array_sum",
  "historyId" : "a24499b25a8f1d2f65841f0ac2ebd870",
  "time" : {
    "start" : 1700331515218,
    "stop" : 1700331515218,
    "duration" : 0
  },
  "status" : "failed",
  "statusMessage" : "AssertionError: assert 15 == 0\n +  where 0 = maxSubsetSum([3, 5, -7, 8, 10])",
  "statusTrace" : "input_array = [3, 5, -7, 8, 10], expected_result = 15\n\n    @pytest.mark.parametrize(\"input_array,expected_result\", test_data)\n    def test_max_array_sum(input_array: List[int], expected_result: int):\n>       assert expected_result == maxSubsetSum(input_array)\nE       assert 15 == 0\nE        +  where 0 = maxSubsetSum([3, 5, -7, 8, 10])\n\nsrc/test/java/interview/dynamic_programming/MaxArraySum/test_max_array_sum.py:13: AssertionError",
  "flaky" : false,
  "newFailed" : false,
  "beforeStages" : [ ],
  "afterStages" : [ ],
  "labels" : [ {
    "name" : "parentSuite",
    "value" : "src.test.java.interview.dynamic_programming.MaxArraySum"
  }, {
    "name" : "suite",
    "value" : "test_max_array_sum"
  }, {
    "name" : "host",
    "value" : "fv-az1149-966"
  }, {
    "name" : "thread",
    "value" : "2233-MainThread"
  }, {
    "name" : "framework",
    "value" : "pytest"
  }, {
    "name" : "language",
    "value" : "cpython3"
  }, {
    "name" : "package",
    "value" : "src.test.java.interview.dynamic_programming.MaxArraySum.test_max_array_sum"
  }, {
    "name" : "resultFormat",
    "value" : "allure2"
  } ],
  "parameters" : [ {
    "name" : "expected_result",
    "value" : "15"
  }, {
    "name" : "input_array",
    "value" : "[3, 5, -7, 8, 10]"
  } ],
  "links" : [ ],
  "hidden" : false,
  "retry" : false,
  "extra" : {
    "severity" : "normal",
    "retries" : [ ],
    "categories" : [ {
      "name" : "Product defects",
      "matchedStatuses" : [ ],
      "flaky" : false
    } ],
    "history" : {
      "statistic" : {
        "failed" : 2,
        "broken" : 0,
        "skipped" : 0,
        "passed" : 0,
        "unknown" : 0,
        "total" : 2
      },
      "items" : [ {
        "uid" : "b8c4fe9b3f791aec",
        "reportUrl" : "https://apetrovskiy.github.io/testHaRa/155//#testresult/b8c4fe9b3f791aec",
        "status" : "failed",
        "statusDetails" : "AssertionError: assert 15 == 0\n +  where 0 = maxSubsetSum([3, 5, -7, 8, 10])",
        "time" : {
          "start" : 1700327131099,
          "stop" : 1700327131100,
          "duration" : 1
        }
      } ]
    },
    "tags" : [ ]
  },
  "source" : "efbef274806ceb74.json",
  "parameterValues" : [ "15", "[3, 5, -7, 8, 10]" ]
}